2022-12-02 05:56:09,684 | INFO  | Using Persistence Adapter: KahaDBPersistenceAdapter[C:\Users\DELL\Downloads\apache-activemq-5.17.2-bin\apache-activemq-5.17.2\bin\..\data\kahadb] | org.apache.activemq.broker.BrokerService | main
2022-12-02 05:56:10,186 | INFO  | PListStore:[C:\Users\DELL\Downloads\apache-activemq-5.17.2-bin\apache-activemq-5.17.2\bin\..\data\localhost\tmp_storage] started | org.apache.activemq.store.kahadb.plist.PListStoreImpl | main
2022-12-02 05:56:10,374 | INFO  | Apache ActiveMQ 5.17.2 (localhost, ID:DESKTOP-M7S9JBH-50992-1669971370196-0:1) is starting | org.apache.activemq.broker.BrokerService | main
2022-12-02 05:56:10,402 | INFO  | Listening for connections at: tcp://DESKTOP-M7S9JBH:61616?maximumConnections=1000&wireFormat.maxFrameSize=104857600 | org.apache.activemq.transport.TransportServerThreadSupport | main
2022-12-02 05:56:10,403 | INFO  | Connector openwire started | org.apache.activemq.broker.TransportConnector | main
2022-12-02 05:56:10,409 | INFO  | Listening for connections at: amqp://DESKTOP-M7S9JBH:5672?maximumConnections=1000&wireFormat.maxFrameSize=104857600 | org.apache.activemq.transport.TransportServerThreadSupport | main
2022-12-02 05:56:10,410 | INFO  | Connector amqp started | org.apache.activemq.broker.TransportConnector | main
2022-12-02 05:56:10,415 | INFO  | Listening for connections at: stomp://DESKTOP-M7S9JBH:61613?maximumConnections=1000&wireFormat.maxFrameSize=104857600 | org.apache.activemq.transport.TransportServerThreadSupport | main
2022-12-02 05:56:10,417 | INFO  | Connector stomp started | org.apache.activemq.broker.TransportConnector | main
2022-12-02 05:56:10,422 | INFO  | Listening for connections at: mqtt://DESKTOP-M7S9JBH:1883?maximumConnections=1000&wireFormat.maxFrameSize=104857600 | org.apache.activemq.transport.TransportServerThreadSupport | main
2022-12-02 05:56:10,424 | INFO  | Connector mqtt started | org.apache.activemq.broker.TransportConnector | main
2022-12-02 05:56:10,430 | INFO  | Starting Jetty server | org.apache.activemq.transport.WebTransportServerSupport | main
2022-12-02 05:56:10,495 | INFO  | Creating Jetty connector | org.apache.activemq.transport.WebTransportServerSupport | main
2022-12-02 05:56:10,558 | WARN  | ServletContext@o.e.j.s.ServletContextHandler@7efd28bd{/,null,STARTING} has uncovered http methods for path: / | org.eclipse.jetty.security.SecurityHandler | main
2022-12-02 05:56:10,676 | INFO  | Listening for connections at ws://DESKTOP-M7S9JBH:61614?maximumConnections=1000&wireFormat.maxFrameSize=104857600 | org.apache.activemq.transport.ws.WSTransportServer | main
2022-12-02 05:56:10,677 | INFO  | Connector ws started | org.apache.activemq.broker.TransportConnector | main
2022-12-02 05:56:10,679 | INFO  | Apache ActiveMQ 5.17.2 (localhost, ID:DESKTOP-M7S9JBH-50992-1669971370196-0:1) started | org.apache.activemq.broker.BrokerService | main
2022-12-02 05:56:10,679 | INFO  | For help or more information please see: http://activemq.apache.org | org.apache.activemq.broker.BrokerService | main
2022-12-02 05:56:11,547 | INFO  | ActiveMQ WebConsole available at http://127.0.0.1:8161/ | org.apache.activemq.web.WebConsoleStarter | main
2022-12-02 05:56:11,548 | INFO  | ActiveMQ Jolokia REST API available at http://127.0.0.1:8161/api/jolokia/ | org.apache.activemq.web.WebConsoleStarter | main
2022-12-02 05:56:11,999 | WARN  | jolokia-agent: Error while accessing access restrictor at file:C:UsersDELLDownloadsapache-activemq-5.17.2-binapache-activemq-5.17.2bin..conf/jolokia-access.xml. Denying all access to MBeans for security reasons. Exception: java.io.FileNotFoundException: C:UsersDELLDownloadsapache-activemq-5.17.2-binapache-activemq-5.17.2bin..conf\jolokia-access.xml (O sistema não pode encontrar o caminho especificado) | org.eclipse.jetty.server.handler.ContextHandler.api | main
java.io.FileNotFoundException: C:UsersDELLDownloadsapache-activemq-5.17.2-binapache-activemq-5.17.2bin..conf\jolokia-access.xml (O sistema não pode encontrar o caminho especificado)
	at java.base/java.io.FileInputStream.open0(Native Method)
	at java.base/java.io.FileInputStream.open(FileInputStream.java:216)
	at java.base/java.io.FileInputStream.<init>(FileInputStream.java:157)
	at java.base/java.io.FileInputStream.<init>(FileInputStream.java:111)
	at java.base/sun.net.www.protocol.file.FileURLConnection.connect(FileURLConnection.java:86)
	at java.base/sun.net.www.protocol.file.FileURLConnection.getInputStream(FileURLConnection.java:189)
	at java.base/java.net.URL.openStream(URL.java:1161)
	at org.jolokia.restrictor.RestrictorFactory.lookupPolicyRestrictor(RestrictorFactory.java:119)
	at org.jolokia.restrictor.RestrictorFactory.createRestrictor(RestrictorFactory.java:50)
	at org.jolokia.http.AgentServlet.createRestrictor(AgentServlet.java:195)
	at org.jolokia.http.AgentServlet.init(AgentServlet.java:135)
	at org.eclipse.jetty.servlet.ServletHolder$Wrapper.init(ServletHolder.java:1345)
	at org.eclipse.jetty.servlet.ServletHolder.initServlet(ServletHolder.java:632)
	at org.eclipse.jetty.servlet.ServletHolder.initialize(ServletHolder.java:415)
	at org.eclipse.jetty.servlet.ServletHandler.lambda$initialize$0(ServletHandler.java:750)
	at java.base/java.util.stream.SortedOps$SizedRefSortingSink.end(SortedOps.java:357)
	at java.base/java.util.stream.AbstractPipeline.copyInto(AbstractPipeline.java:510)
	at java.base/java.util.stream.AbstractPipeline.wrapAndCopyInto(AbstractPipeline.java:499)
	at java.base/java.util.stream.StreamSpliterators$WrappingSpliterator.forEachRemaining(StreamSpliterators.java:310)
	at java.base/java.util.stream.Streams$ConcatSpliterator.forEachRemaining(Streams.java:735)
	at java.base/java.util.stream.ReferencePipeline$Head.forEach(ReferencePipeline.java:762)
	at org.eclipse.jetty.servlet.ServletHandler.initialize(ServletHandler.java:774)
	at org.eclipse.jetty.servlet.ServletContextHandler.startContext(ServletContextHandler.java:379)
	at org.eclipse.jetty.webapp.WebAppContext.startWebapp(WebAppContext.java:1449)
	at org.eclipse.jetty.webapp.WebAppContext.startContext(WebAppContext.java:1414)
	at org.eclipse.jetty.server.handler.ContextHandler.doStart(ContextHandler.java:916)
	at org.eclipse.jetty.servlet.ServletContextHandler.doStart(ServletContextHandler.java:288)
	at org.eclipse.jetty.webapp.WebAppContext.doStart(WebAppContext.java:524)
	at org.eclipse.jetty.util.component.AbstractLifeCycle.start(AbstractLifeCycle.java:73)
	at org.eclipse.jetty.util.component.ContainerLifeCycle.start(ContainerLifeCycle.java:169)
	at org.eclipse.jetty.util.component.ContainerLifeCycle.doStart(ContainerLifeCycle.java:117)
	at org.eclipse.jetty.server.handler.AbstractHandler.doStart(AbstractHandler.java:97)
	at org.eclipse.jetty.util.component.AbstractLifeCycle.start(AbstractLifeCycle.java:73)
	at org.eclipse.jetty.util.component.ContainerLifeCycle.start(ContainerLifeCycle.java:169)
	at org.eclipse.jetty.util.component.ContainerLifeCycle.doStart(ContainerLifeCycle.java:110)
	at org.eclipse.jetty.server.handler.AbstractHandler.doStart(AbstractHandler.java:97)
	at org.eclipse.jetty.security.SecurityHandler.doStart(SecurityHandler.java:411)
	at org.eclipse.jetty.security.ConstraintSecurityHandler.doStart(ConstraintSecurityHandler.java:417)
	at org.eclipse.jetty.util.component.AbstractLifeCycle.start(AbstractLifeCycle.java:73)
	at org.eclipse.jetty.util.component.ContainerLifeCycle.start(ContainerLifeCycle.java:169)
	at org.eclipse.jetty.util.component.ContainerLifeCycle.doStart(ContainerLifeCycle.java:117)
	at org.eclipse.jetty.server.handler.AbstractHandler.doStart(AbstractHandler.java:97)
	at org.eclipse.jetty.util.component.AbstractLifeCycle.start(AbstractLifeCycle.java:73)
	at org.eclipse.jetty.util.component.ContainerLifeCycle.start(ContainerLifeCycle.java:169)
	at org.eclipse.jetty.server.Server.start(Server.java:423)
	at org.eclipse.jetty.util.component.ContainerLifeCycle.doStart(ContainerLifeCycle.java:110)
	at org.eclipse.jetty.server.handler.AbstractHandler.doStart(AbstractHandler.java:97)
	at org.eclipse.jetty.server.Server.doStart(Server.java:387)
	at org.eclipse.jetty.util.component.AbstractLifeCycle.start(AbstractLifeCycle.java:73)
	at java.base/jdk.internal.reflect.NativeMethodAccessorImpl.invoke0(Native Method)
	at java.base/jdk.internal.reflect.NativeMethodAccessorImpl.invoke(NativeMethodAccessorImpl.java:77)
	at java.base/jdk.internal.reflect.DelegatingMethodAccessorImpl.invoke(DelegatingMethodAccessorImpl.java:43)
	at java.base/java.lang.reflect.Method.invoke(Method.java:568)
	at org.springframework.util.MethodInvoker.invoke(MethodInvoker.java:283)
	at org.springframework.beans.factory.config.MethodInvokingBean.invokeWithTargetException(MethodInvokingBean.java:123)
	at org.springframework.beans.factory.config.MethodInvokingFactoryBean.afterPropertiesSet(MethodInvokingFactoryBean.java:108)
	at org.springframework.beans.factory.support.AbstractAutowireCapableBeanFactory.invokeInitMethods(AbstractAutowireCapableBeanFactory.java:1863)
	at org.springframework.beans.factory.support.AbstractAutowireCapableBeanFactory.initializeBean(AbstractAutowireCapableBeanFactory.java:1800)
	at org.springframework.beans.factory.support.AbstractAutowireCapableBeanFactory.doCreateBean(AbstractAutowireCapableBeanFactory.java:620)
	at org.springframework.beans.factory.support.AbstractAutowireCapableBeanFactory.createBean(AbstractAutowireCapableBeanFactory.java:542)
	at org.springframework.beans.factory.support.AbstractBeanFactory.lambda$doGetBean$0(AbstractBeanFactory.java:335)
	at org.springframework.beans.factory.support.DefaultSingletonBeanRegistry.getSingleton(DefaultSingletonBeanRegistry.java:234)
	at org.springframework.beans.factory.support.AbstractBeanFactory.doGetBean(AbstractBeanFactory.java:333)
	at org.springframework.beans.factory.support.AbstractBeanFactory.getBean(AbstractBeanFactory.java:208)
	at org.springframework.beans.factory.support.DefaultListableBeanFactory.preInstantiateSingletons(DefaultListableBeanFactory.java:936)
	at org.springframework.context.support.AbstractApplicationContext.finishBeanFactoryInitialization(AbstractApplicationContext.java:918)
	at org.springframework.context.support.AbstractApplicationContext.refresh(AbstractApplicationContext.java:583)
	at org.apache.xbean.spring.context.ResourceXmlApplicationContext.<init>(ResourceXmlApplicationContext.java:64)
	at org.apache.xbean.spring.context.ResourceXmlApplicationContext.<init>(ResourceXmlApplicationContext.java:52)
	at org.apache.activemq.xbean.XBeanBrokerFactory$1.<init>(XBeanBrokerFactory.java:104)
	at org.apache.activemq.xbean.XBeanBrokerFactory.createApplicationContext(XBeanBrokerFactory.java:104)
	at org.apache.activemq.xbean.XBeanBrokerFactory.createBroker(XBeanBrokerFactory.java:67)
	at org.apache.activemq.broker.BrokerFactory.createBroker(BrokerFactory.java:71)
	at org.apache.activemq.broker.BrokerFactory.createBroker(BrokerFactory.java:54)
	at org.apache.activemq.console.command.StartCommand.runTask(StartCommand.java:87)
	at org.apache.activemq.console.command.AbstractCommand.execute(AbstractCommand.java:63)
	at org.apache.activemq.console.command.ShellCommand.runTask(ShellCommand.java:154)
	at org.apache.activemq.console.command.AbstractCommand.execute(AbstractCommand.java:63)
	at org.apache.activemq.console.command.ShellCommand.main(ShellCommand.java:104)
	at java.base/jdk.internal.reflect.NativeMethodAccessorImpl.invoke0(Native Method)
	at java.base/jdk.internal.reflect.NativeMethodAccessorImpl.invoke(NativeMethodAccessorImpl.java:77)
	at java.base/jdk.internal.reflect.DelegatingMethodAccessorImpl.invoke(DelegatingMethodAccessorImpl.java:43)
	at java.base/java.lang.reflect.Method.invoke(Method.java:568)
	at org.apache.activemq.console.Main.runTaskClass(Main.java:262)
	at org.apache.activemq.console.Main.main(Main.java:115)
2022-12-02 06:00:35,375 | WARN  | Transport Connection to: tcp://0:0:0:0:0:0:0:1:51094 failed: Frame size of 1 GB larger than max allowed 100 MB | org.apache.activemq.broker.TransportConnection.Transport | ActiveMQ Transport: tcp:///0:0:0:0:0:0:0:1:51094@61616
2022-12-02 06:00:36,500 | WARN  | Transport Connection to: tcp://0:0:0:0:0:0:0:1:51093 failed: Frame size of 1 GB larger than max allowed 100 MB | org.apache.activemq.broker.TransportConnection.Transport | ActiveMQ Transport: tcp:///0:0:0:0:0:0:0:1:51093@61616
2022-12-02 06:00:41,566 | WARN  | Transport Connection to: tcp://0:0:0:0:0:0:0:1:51095 failed: Frame size of 1 GB larger than max allowed 100 MB | org.apache.activemq.broker.TransportConnection.Transport | ActiveMQ Transport: tcp:///0:0:0:0:0:0:0:1:51095@61616
2022-12-02 06:01:11,583 | WARN  | Transport Connection to: tcp://0:0:0:0:0:0:0:1:51097 failed: Channel was inactive (no connection attempt made) for too (>30000) long: tcp://0:0:0:0:0:0:0:1:51097 | org.apache.activemq.broker.TransportConnection.Transport | ActiveMQ InactivityMonitor Worker 1
2022-12-02 06:01:11,583 | WARN  | Transport Connection to: tcp://0:0:0:0:0:0:0:1:51098 failed: Channel was inactive (no connection attempt made) for too (>30000) long: tcp://0:0:0:0:0:0:0:1:51098 | org.apache.activemq.broker.TransportConnection.Transport | ActiveMQ InactivityMonitor Worker 0
2022-12-02 06:03:43,776 | WARN  | Transport Connection to: tcp://127.0.0.1:51141 failed: Frame size of 1 GB larger than max allowed 100 MB | org.apache.activemq.broker.TransportConnection.Transport | ActiveMQ Transport: tcp:///127.0.0.1:51141@61616
2022-12-02 06:04:52,015 | WARN  | Transport Connection to: tcp://127.0.0.1:51152 failed: Frame size of 1 GB larger than max allowed 100 MB | org.apache.activemq.broker.TransportConnection.Transport | ActiveMQ Transport: tcp:///127.0.0.1:51152@61616
2022-12-02 06:31:53,125 | INFO  | Using Persistence Adapter: KahaDBPersistenceAdapter[C:\Users\DELL\Downloads\apache-activemq\apache-activemq-5.17.2\bin\..\data\kahadb] | org.apache.activemq.broker.BrokerService | main
2022-12-02 06:31:53,210 | INFO  | Page File: C:\Users\DELL\Downloads\apache-activemq\apache-activemq-5.17.2\bin\..\data\kahadb\db.data. Recovering pageFile free list due to prior unclean shutdown.. | org.apache.activemq.store.kahadb.disk.page.PageFile | KahaDB Index Free Page Recovery
2022-12-02 06:31:53,219 | INFO  | Page File: C:\Users\DELL\Downloads\apache-activemq\apache-activemq-5.17.2\bin\..\data\kahadb\db.data. Recovered pageFile free list of size: 0 | org.apache.activemq.store.kahadb.disk.page.PageFile | KahaDB Index Free Page Recovery
2022-12-02 06:31:53,219 | INFO  | KahaDB is version 7 | org.apache.activemq.store.kahadb.MessageDatabase | main
2022-12-02 06:31:53,440 | INFO  | PListStore:[C:\Users\DELL\Downloads\apache-activemq\apache-activemq-5.17.2\bin\..\data\localhost\tmp_storage] started | org.apache.activemq.store.kahadb.plist.PListStoreImpl | main
2022-12-02 06:31:53,595 | INFO  | Apache ActiveMQ 5.17.2 (localhost, ID:DESKTOP-M7S9JBH-51294-1669973513440-0:1) is starting | org.apache.activemq.broker.BrokerService | main
2022-12-02 06:31:53,626 | INFO  | Listening for connections at: tcp://DESKTOP-M7S9JBH:61616?maximumConnections=1000&wireFormat.maxFrameSize=104857600 | org.apache.activemq.transport.TransportServerThreadSupport | main
2022-12-02 06:31:53,626 | INFO  | Connector openwire started | org.apache.activemq.broker.TransportConnector | main
2022-12-02 06:31:53,642 | INFO  | Listening for connections at: amqp://DESKTOP-M7S9JBH:5672?maximumConnections=1000&wireFormat.maxFrameSize=104857600 | org.apache.activemq.transport.TransportServerThreadSupport | main
2022-12-02 06:31:53,642 | INFO  | Connector amqp started | org.apache.activemq.broker.TransportConnector | main
2022-12-02 06:31:53,642 | INFO  | Listening for connections at: stomp://DESKTOP-M7S9JBH:61613?maximumConnections=1000&wireFormat.maxFrameSize=104857600 | org.apache.activemq.transport.TransportServerThreadSupport | main
2022-12-02 06:31:53,642 | INFO  | Connector stomp started | org.apache.activemq.broker.TransportConnector | main
2022-12-02 06:31:53,657 | INFO  | Listening for connections at: mqtt://DESKTOP-M7S9JBH:1883?maximumConnections=1000&wireFormat.maxFrameSize=104857600 | org.apache.activemq.transport.TransportServerThreadSupport | main
2022-12-02 06:31:53,657 | INFO  | Connector mqtt started | org.apache.activemq.broker.TransportConnector | main
2022-12-02 06:31:53,657 | INFO  | Starting Jetty server | org.apache.activemq.transport.WebTransportServerSupport | main
2022-12-02 06:31:53,726 | INFO  | Creating Jetty connector | org.apache.activemq.transport.WebTransportServerSupport | main
2022-12-02 06:31:53,811 | WARN  | ServletContext@o.e.j.s.ServletContextHandler@46185a1b{/,null,STARTING} has uncovered http methods for path: / | org.eclipse.jetty.security.SecurityHandler | main
2022-12-02 06:31:53,958 | INFO  | Listening for connections at ws://DESKTOP-M7S9JBH:61614?maximumConnections=1000&wireFormat.maxFrameSize=104857600 | org.apache.activemq.transport.ws.WSTransportServer | main
2022-12-02 06:31:53,958 | INFO  | Connector ws started | org.apache.activemq.broker.TransportConnector | main
2022-12-02 06:31:53,958 | INFO  | Apache ActiveMQ 5.17.2 (localhost, ID:DESKTOP-M7S9JBH-51294-1669973513440-0:1) started | org.apache.activemq.broker.BrokerService | main
2022-12-02 06:31:53,958 | INFO  | For help or more information please see: http://activemq.apache.org | org.apache.activemq.broker.BrokerService | main
2022-12-02 06:31:54,860 | INFO  | ActiveMQ WebConsole available at http://127.0.0.1:8161/ | org.apache.activemq.web.WebConsoleStarter | main
2022-12-02 06:31:54,860 | INFO  | ActiveMQ Jolokia REST API available at http://127.0.0.1:8161/api/jolokia/ | org.apache.activemq.web.WebConsoleStarter | main
2022-12-02 06:31:55,283 | WARN  | jolokia-agent: Error while accessing access restrictor at file:C:UsersDELLDownloadsapache-activemqapache-activemq-5.17.2bin..conf/jolokia-access.xml. Denying all access to MBeans for security reasons. Exception: java.io.FileNotFoundException: C:UsersDELLDownloadsapache-activemqapache-activemq-5.17.2bin..conf\jolokia-access.xml (O sistema não pode encontrar o caminho especificado) | org.eclipse.jetty.server.handler.ContextHandler.api | main
java.io.FileNotFoundException: C:UsersDELLDownloadsapache-activemqapache-activemq-5.17.2bin..conf\jolokia-access.xml (O sistema não pode encontrar o caminho especificado)
	at java.base/java.io.FileInputStream.open0(Native Method)
	at java.base/java.io.FileInputStream.open(FileInputStream.java:216)
	at java.base/java.io.FileInputStream.<init>(FileInputStream.java:157)
	at java.base/java.io.FileInputStream.<init>(FileInputStream.java:111)
	at java.base/sun.net.www.protocol.file.FileURLConnection.connect(FileURLConnection.java:86)
	at java.base/sun.net.www.protocol.file.FileURLConnection.getInputStream(FileURLConnection.java:189)
	at java.base/java.net.URL.openStream(URL.java:1161)
	at org.jolokia.restrictor.RestrictorFactory.lookupPolicyRestrictor(RestrictorFactory.java:119)
	at org.jolokia.restrictor.RestrictorFactory.createRestrictor(RestrictorFactory.java:50)
	at org.jolokia.http.AgentServlet.createRestrictor(AgentServlet.java:195)
	at org.jolokia.http.AgentServlet.init(AgentServlet.java:135)
	at org.eclipse.jetty.servlet.ServletHolder$Wrapper.init(ServletHolder.java:1345)
	at org.eclipse.jetty.servlet.ServletHolder.initServlet(ServletHolder.java:632)
	at org.eclipse.jetty.servlet.ServletHolder.initialize(ServletHolder.java:415)
	at org.eclipse.jetty.servlet.ServletHandler.lambda$initialize$0(ServletHandler.java:750)
	at java.base/java.util.stream.SortedOps$SizedRefSortingSink.end(SortedOps.java:357)
	at java.base/java.util.stream.AbstractPipeline.copyInto(AbstractPipeline.java:510)
	at java.base/java.util.stream.AbstractPipeline.wrapAndCopyInto(AbstractPipeline.java:499)
	at java.base/java.util.stream.StreamSpliterators$WrappingSpliterator.forEachRemaining(StreamSpliterators.java:310)
	at java.base/java.util.stream.Streams$ConcatSpliterator.forEachRemaining(Streams.java:735)
	at java.base/java.util.stream.ReferencePipeline$Head.forEach(ReferencePipeline.java:762)
	at org.eclipse.jetty.servlet.ServletHandler.initialize(ServletHandler.java:774)
	at org.eclipse.jetty.servlet.ServletContextHandler.startContext(ServletContextHandler.java:379)
	at org.eclipse.jetty.webapp.WebAppContext.startWebapp(WebAppContext.java:1449)
	at org.eclipse.jetty.webapp.WebAppContext.startContext(WebAppContext.java:1414)
	at org.eclipse.jetty.server.handler.ContextHandler.doStart(ContextHandler.java:916)
	at org.eclipse.jetty.servlet.ServletContextHandler.doStart(ServletContextHandler.java:288)
	at org.eclipse.jetty.webapp.WebAppContext.doStart(WebAppContext.java:524)
	at org.eclipse.jetty.util.component.AbstractLifeCycle.start(AbstractLifeCycle.java:73)
	at org.eclipse.jetty.util.component.ContainerLifeCycle.start(ContainerLifeCycle.java:169)
	at org.eclipse.jetty.util.component.ContainerLifeCycle.doStart(ContainerLifeCycle.java:117)
	at org.eclipse.jetty.server.handler.AbstractHandler.doStart(AbstractHandler.java:97)
	at org.eclipse.jetty.util.component.AbstractLifeCycle.start(AbstractLifeCycle.java:73)
	at org.eclipse.jetty.util.component.ContainerLifeCycle.start(ContainerLifeCycle.java:169)
	at org.eclipse.jetty.util.component.ContainerLifeCycle.doStart(ContainerLifeCycle.java:110)
	at org.eclipse.jetty.server.handler.AbstractHandler.doStart(AbstractHandler.java:97)
	at org.eclipse.jetty.security.SecurityHandler.doStart(SecurityHandler.java:411)
	at org.eclipse.jetty.security.ConstraintSecurityHandler.doStart(ConstraintSecurityHandler.java:417)
	at org.eclipse.jetty.util.component.AbstractLifeCycle.start(AbstractLifeCycle.java:73)
	at org.eclipse.jetty.util.component.ContainerLifeCycle.start(ContainerLifeCycle.java:169)
	at org.eclipse.jetty.util.component.ContainerLifeCycle.doStart(ContainerLifeCycle.java:117)
	at org.eclipse.jetty.server.handler.AbstractHandler.doStart(AbstractHandler.java:97)
	at org.eclipse.jetty.util.component.AbstractLifeCycle.start(AbstractLifeCycle.java:73)
	at org.eclipse.jetty.util.component.ContainerLifeCycle.start(ContainerLifeCycle.java:169)
	at org.eclipse.jetty.server.Server.start(Server.java:423)
	at org.eclipse.jetty.util.component.ContainerLifeCycle.doStart(ContainerLifeCycle.java:110)
	at org.eclipse.jetty.server.handler.AbstractHandler.doStart(AbstractHandler.java:97)
	at org.eclipse.jetty.server.Server.doStart(Server.java:387)
	at org.eclipse.jetty.util.component.AbstractLifeCycle.start(AbstractLifeCycle.java:73)
	at java.base/jdk.internal.reflect.NativeMethodAccessorImpl.invoke0(Native Method)
	at java.base/jdk.internal.reflect.NativeMethodAccessorImpl.invoke(NativeMethodAccessorImpl.java:77)
	at java.base/jdk.internal.reflect.DelegatingMethodAccessorImpl.invoke(DelegatingMethodAccessorImpl.java:43)
	at java.base/java.lang.reflect.Method.invoke(Method.java:568)
	at org.springframework.util.MethodInvoker.invoke(MethodInvoker.java:283)
	at org.springframework.beans.factory.config.MethodInvokingBean.invokeWithTargetException(MethodInvokingBean.java:123)
	at org.springframework.beans.factory.config.MethodInvokingFactoryBean.afterPropertiesSet(MethodInvokingFactoryBean.java:108)
	at org.springframework.beans.factory.support.AbstractAutowireCapableBeanFactory.invokeInitMethods(AbstractAutowireCapableBeanFactory.java:1863)
	at org.springframework.beans.factory.support.AbstractAutowireCapableBeanFactory.initializeBean(AbstractAutowireCapableBeanFactory.java:1800)
	at org.springframework.beans.factory.support.AbstractAutowireCapableBeanFactory.doCreateBean(AbstractAutowireCapableBeanFactory.java:620)
	at org.springframework.beans.factory.support.AbstractAutowireCapableBeanFactory.createBean(AbstractAutowireCapableBeanFactory.java:542)
	at org.springframework.beans.factory.support.AbstractBeanFactory.lambda$doGetBean$0(AbstractBeanFactory.java:335)
	at org.springframework.beans.factory.support.DefaultSingletonBeanRegistry.getSingleton(DefaultSingletonBeanRegistry.java:234)
	at org.springframework.beans.factory.support.AbstractBeanFactory.doGetBean(AbstractBeanFactory.java:333)
	at org.springframework.beans.factory.support.AbstractBeanFactory.getBean(AbstractBeanFactory.java:208)
	at org.springframework.beans.factory.support.DefaultListableBeanFactory.preInstantiateSingletons(DefaultListableBeanFactory.java:936)
	at org.springframework.context.support.AbstractApplicationContext.finishBeanFactoryInitialization(AbstractApplicationContext.java:918)
	at org.springframework.context.support.AbstractApplicationContext.refresh(AbstractApplicationContext.java:583)
	at org.apache.xbean.spring.context.ResourceXmlApplicationContext.<init>(ResourceXmlApplicationContext.java:64)
	at org.apache.xbean.spring.context.ResourceXmlApplicationContext.<init>(ResourceXmlApplicationContext.java:52)
	at org.apache.activemq.xbean.XBeanBrokerFactory$1.<init>(XBeanBrokerFactory.java:104)
	at org.apache.activemq.xbean.XBeanBrokerFactory.createApplicationContext(XBeanBrokerFactory.java:104)
	at org.apache.activemq.xbean.XBeanBrokerFactory.createBroker(XBeanBrokerFactory.java:67)
	at org.apache.activemq.broker.BrokerFactory.createBroker(BrokerFactory.java:71)
	at org.apache.activemq.broker.BrokerFactory.createBroker(BrokerFactory.java:54)
	at org.apache.activemq.console.command.StartCommand.runTask(StartCommand.java:87)
	at org.apache.activemq.console.command.AbstractCommand.execute(AbstractCommand.java:63)
	at org.apache.activemq.console.command.ShellCommand.runTask(ShellCommand.java:154)
	at org.apache.activemq.console.command.AbstractCommand.execute(AbstractCommand.java:63)
	at org.apache.activemq.console.command.ShellCommand.main(ShellCommand.java:104)
	at java.base/jdk.internal.reflect.NativeMethodAccessorImpl.invoke0(Native Method)
	at java.base/jdk.internal.reflect.NativeMethodAccessorImpl.invoke(NativeMethodAccessorImpl.java:77)
	at java.base/jdk.internal.reflect.DelegatingMethodAccessorImpl.invoke(DelegatingMethodAccessorImpl.java:43)
	at java.base/java.lang.reflect.Method.invoke(Method.java:568)
	at org.apache.activemq.console.Main.runTaskClass(Main.java:262)
	at org.apache.activemq.console.Main.main(Main.java:115)
2022-12-02 06:35:56,276 | INFO  | Apache ActiveMQ 5.17.2 (localhost, ID:DESKTOP-M7S9JBH-51294-1669973513440-0:1) is shutting down | org.apache.activemq.broker.BrokerService | Thread-20
2022-12-02 06:35:56,276 | INFO  | Connector openwire stopped | org.apache.activemq.broker.TransportConnector | Thread-20
2022-12-02 06:35:56,291 | INFO  | Connector amqp stopped | org.apache.activemq.broker.TransportConnector | Thread-20
2022-12-02 06:35:56,291 | INFO  | Connector stomp stopped | org.apache.activemq.broker.TransportConnector | Thread-20
2022-12-02 06:35:56,291 | INFO  | Connector mqtt stopped | org.apache.activemq.broker.TransportConnector | Thread-20
2022-12-02 06:35:56,341 | INFO  | Connector ws stopped | org.apache.activemq.broker.TransportConnector | Thread-20
2022-12-02 06:35:56,341 | INFO  | PListStore:[C:\Users\DELL\Downloads\apache-activemq\apache-activemq-5.17.2\bin\..\data\localhost\tmp_storage] stopped | org.apache.activemq.store.kahadb.plist.PListStoreImpl | Thread-20
2022-12-02 06:35:56,341 | INFO  | Stopping async queue tasks | org.apache.activemq.store.kahadb.KahaDBStore | Thread-20
2022-12-02 06:35:56,341 | INFO  | Stopping async topic tasks | org.apache.activemq.store.kahadb.KahaDBStore | Thread-20
2022-12-02 06:35:56,341 | INFO  | Stopped KahaDB | org.apache.activemq.store.kahadb.KahaDBStore | Thread-20
2022-12-02 06:35:56,357 | INFO  | Apache ActiveMQ 5.17.2 (localhost, ID:DESKTOP-M7S9JBH-51294-1669973513440-0:1) uptime 4 minutes | org.apache.activemq.broker.BrokerService | Thread-20
2022-12-02 06:35:56,357 | INFO  | Apache ActiveMQ 5.17.2 (localhost, ID:DESKTOP-M7S9JBH-51294-1669973513440-0:1) is shutdown | org.apache.activemq.broker.BrokerService | Thread-20
2022-12-02 06:36:09,068 | INFO  | Using Persistence Adapter: KahaDBPersistenceAdapter[C:\Users\DELL\Downloads\apache-activemq\apache-activemq-5.17.2\bin\..\data\kahadb] | org.apache.activemq.broker.BrokerService | main
2022-12-02 06:36:09,152 | INFO  | KahaDB is version 7 | org.apache.activemq.store.kahadb.MessageDatabase | main
2022-12-02 06:36:09,368 | INFO  | PListStore:[C:\Users\DELL\Downloads\apache-activemq\apache-activemq-5.17.2\bin\..\data\localhost\tmp_storage] started | org.apache.activemq.store.kahadb.plist.PListStoreImpl | main
2022-12-02 06:36:09,553 | INFO  | Apache ActiveMQ 5.17.2 (localhost, ID:DESKTOP-M7S9JBH-51333-1669973769384-0:1) is starting | org.apache.activemq.broker.BrokerService | main
2022-12-02 06:36:09,584 | INFO  | Listening for connections at: tcp://DESKTOP-M7S9JBH:61616?maximumConnections=1000&wireFormat.maxFrameSize=104857600 | org.apache.activemq.transport.TransportServerThreadSupport | main
2022-12-02 06:36:09,584 | INFO  | Connector openwire started | org.apache.activemq.broker.TransportConnector | main
2022-12-02 06:36:09,584 | INFO  | Listening for connections at: amqp://DESKTOP-M7S9JBH:5672?maximumConnections=1000&wireFormat.maxFrameSize=104857600 | org.apache.activemq.transport.TransportServerThreadSupport | main
2022-12-02 06:36:09,584 | INFO  | Connector amqp started | org.apache.activemq.broker.TransportConnector | main
2022-12-02 06:36:09,600 | INFO  | Listening for connections at: stomp://DESKTOP-M7S9JBH:61613?maximumConnections=1000&wireFormat.maxFrameSize=104857600 | org.apache.activemq.transport.TransportServerThreadSupport | main
2022-12-02 06:36:09,600 | INFO  | Connector stomp started | org.apache.activemq.broker.TransportConnector | main
2022-12-02 06:36:09,600 | INFO  | Listening for connections at: mqtt://DESKTOP-M7S9JBH:1883?maximumConnections=1000&wireFormat.maxFrameSize=104857600 | org.apache.activemq.transport.TransportServerThreadSupport | main
2022-12-02 06:36:09,600 | INFO  | Connector mqtt started | org.apache.activemq.broker.TransportConnector | main
2022-12-02 06:36:09,615 | INFO  | Starting Jetty server | org.apache.activemq.transport.WebTransportServerSupport | main
2022-12-02 06:36:09,685 | INFO  | Creating Jetty connector | org.apache.activemq.transport.WebTransportServerSupport | main
2022-12-02 06:36:09,754 | WARN  | ServletContext@o.e.j.s.ServletContextHandler@72f8ae0c{/,null,STARTING} has uncovered http methods for path: / | org.eclipse.jetty.security.SecurityHandler | main
2022-12-02 06:36:09,838 | INFO  | Listening for connections at ws://DESKTOP-M7S9JBH:61614?maximumConnections=1000&wireFormat.maxFrameSize=104857600 | org.apache.activemq.transport.ws.WSTransportServer | main
2022-12-02 06:36:09,838 | INFO  | Connector ws started | org.apache.activemq.broker.TransportConnector | main
2022-12-02 06:36:09,838 | INFO  | Apache ActiveMQ 5.17.2 (localhost, ID:DESKTOP-M7S9JBH-51333-1669973769384-0:1) started | org.apache.activemq.broker.BrokerService | main
2022-12-02 06:36:09,853 | INFO  | For help or more information please see: http://activemq.apache.org | org.apache.activemq.broker.BrokerService | main
2022-12-02 06:36:10,728 | INFO  | ActiveMQ WebConsole available at http://127.0.0.1:8161/ | org.apache.activemq.web.WebConsoleStarter | main
2022-12-02 06:36:10,728 | INFO  | ActiveMQ Jolokia REST API available at http://127.0.0.1:8161/api/jolokia/ | org.apache.activemq.web.WebConsoleStarter | main
2022-12-02 06:36:11,204 | WARN  | jolokia-agent: Error while accessing access restrictor at file:C:UsersDELLDownloadsapache-activemqapache-activemq-5.17.2bin..conf/jolokia-access.xml. Denying all access to MBeans for security reasons. Exception: java.io.FileNotFoundException: C:UsersDELLDownloadsapache-activemqapache-activemq-5.17.2bin..conf\jolokia-access.xml (O sistema não pode encontrar o caminho especificado) | org.eclipse.jetty.server.handler.ContextHandler.api | main
java.io.FileNotFoundException: C:UsersDELLDownloadsapache-activemqapache-activemq-5.17.2bin..conf\jolokia-access.xml (O sistema não pode encontrar o caminho especificado)
	at java.base/java.io.FileInputStream.open0(Native Method)
	at java.base/java.io.FileInputStream.open(FileInputStream.java:216)
	at java.base/java.io.FileInputStream.<init>(FileInputStream.java:157)
	at java.base/java.io.FileInputStream.<init>(FileInputStream.java:111)
	at java.base/sun.net.www.protocol.file.FileURLConnection.connect(FileURLConnection.java:86)
	at java.base/sun.net.www.protocol.file.FileURLConnection.getInputStream(FileURLConnection.java:189)
	at java.base/java.net.URL.openStream(URL.java:1161)
	at org.jolokia.restrictor.RestrictorFactory.lookupPolicyRestrictor(RestrictorFactory.java:119)
	at org.jolokia.restrictor.RestrictorFactory.createRestrictor(RestrictorFactory.java:50)
	at org.jolokia.http.AgentServlet.createRestrictor(AgentServlet.java:195)
	at org.jolokia.http.AgentServlet.init(AgentServlet.java:135)
	at org.eclipse.jetty.servlet.ServletHolder$Wrapper.init(ServletHolder.java:1345)
	at org.eclipse.jetty.servlet.ServletHolder.initServlet(ServletHolder.java:632)
	at org.eclipse.jetty.servlet.ServletHolder.initialize(ServletHolder.java:415)
	at org.eclipse.jetty.servlet.ServletHandler.lambda$initialize$0(ServletHandler.java:750)
	at java.base/java.util.stream.SortedOps$SizedRefSortingSink.end(SortedOps.java:357)
	at java.base/java.util.stream.AbstractPipeline.copyInto(AbstractPipeline.java:510)
	at java.base/java.util.stream.AbstractPipeline.wrapAndCopyInto(AbstractPipeline.java:499)
	at java.base/java.util.stream.StreamSpliterators$WrappingSpliterator.forEachRemaining(StreamSpliterators.java:310)
	at java.base/java.util.stream.Streams$ConcatSpliterator.forEachRemaining(Streams.java:735)
	at java.base/java.util.stream.ReferencePipeline$Head.forEach(ReferencePipeline.java:762)
	at org.eclipse.jetty.servlet.ServletHandler.initialize(ServletHandler.java:774)
	at org.eclipse.jetty.servlet.ServletContextHandler.startContext(ServletContextHandler.java:379)
	at org.eclipse.jetty.webapp.WebAppContext.startWebapp(WebAppContext.java:1449)
	at org.eclipse.jetty.webapp.WebAppContext.startContext(WebAppContext.java:1414)
	at org.eclipse.jetty.server.handler.ContextHandler.doStart(ContextHandler.java:916)
	at org.eclipse.jetty.servlet.ServletContextHandler.doStart(ServletContextHandler.java:288)
	at org.eclipse.jetty.webapp.WebAppContext.doStart(WebAppContext.java:524)
	at org.eclipse.jetty.util.component.AbstractLifeCycle.start(AbstractLifeCycle.java:73)
	at org.eclipse.jetty.util.component.ContainerLifeCycle.start(ContainerLifeCycle.java:169)
	at org.eclipse.jetty.util.component.ContainerLifeCycle.doStart(ContainerLifeCycle.java:117)
	at org.eclipse.jetty.server.handler.AbstractHandler.doStart(AbstractHandler.java:97)
	at org.eclipse.jetty.util.component.AbstractLifeCycle.start(AbstractLifeCycle.java:73)
	at org.eclipse.jetty.util.component.ContainerLifeCycle.start(ContainerLifeCycle.java:169)
	at org.eclipse.jetty.util.component.ContainerLifeCycle.doStart(ContainerLifeCycle.java:110)
	at org.eclipse.jetty.server.handler.AbstractHandler.doStart(AbstractHandler.java:97)
	at org.eclipse.jetty.security.SecurityHandler.doStart(SecurityHandler.java:411)
	at org.eclipse.jetty.security.ConstraintSecurityHandler.doStart(ConstraintSecurityHandler.java:417)
	at org.eclipse.jetty.util.component.AbstractLifeCycle.start(AbstractLifeCycle.java:73)
	at org.eclipse.jetty.util.component.ContainerLifeCycle.start(ContainerLifeCycle.java:169)
	at org.eclipse.jetty.util.component.ContainerLifeCycle.doStart(ContainerLifeCycle.java:117)
	at org.eclipse.jetty.server.handler.AbstractHandler.doStart(AbstractHandler.java:97)
	at org.eclipse.jetty.util.component.AbstractLifeCycle.start(AbstractLifeCycle.java:73)
	at org.eclipse.jetty.util.component.ContainerLifeCycle.start(ContainerLifeCycle.java:169)
	at org.eclipse.jetty.server.Server.start(Server.java:423)
	at org.eclipse.jetty.util.component.ContainerLifeCycle.doStart(ContainerLifeCycle.java:110)
	at org.eclipse.jetty.server.handler.AbstractHandler.doStart(AbstractHandler.java:97)
	at org.eclipse.jetty.server.Server.doStart(Server.java:387)
	at org.eclipse.jetty.util.component.AbstractLifeCycle.start(AbstractLifeCycle.java:73)
	at java.base/jdk.internal.reflect.NativeMethodAccessorImpl.invoke0(Native Method)
	at java.base/jdk.internal.reflect.NativeMethodAccessorImpl.invoke(NativeMethodAccessorImpl.java:77)
	at java.base/jdk.internal.reflect.DelegatingMethodAccessorImpl.invoke(DelegatingMethodAccessorImpl.java:43)
	at java.base/java.lang.reflect.Method.invoke(Method.java:568)
	at org.springframework.util.MethodInvoker.invoke(MethodInvoker.java:283)
	at org.springframework.beans.factory.config.MethodInvokingBean.invokeWithTargetException(MethodInvokingBean.java:123)
	at org.springframework.beans.factory.config.MethodInvokingFactoryBean.afterPropertiesSet(MethodInvokingFactoryBean.java:108)
	at org.springframework.beans.factory.support.AbstractAutowireCapableBeanFactory.invokeInitMethods(AbstractAutowireCapableBeanFactory.java:1863)
	at org.springframework.beans.factory.support.AbstractAutowireCapableBeanFactory.initializeBean(AbstractAutowireCapableBeanFactory.java:1800)
	at org.springframework.beans.factory.support.AbstractAutowireCapableBeanFactory.doCreateBean(AbstractAutowireCapableBeanFactory.java:620)
	at org.springframework.beans.factory.support.AbstractAutowireCapableBeanFactory.createBean(AbstractAutowireCapableBeanFactory.java:542)
	at org.springframework.beans.factory.support.AbstractBeanFactory.lambda$doGetBean$0(AbstractBeanFactory.java:335)
	at org.springframework.beans.factory.support.DefaultSingletonBeanRegistry.getSingleton(DefaultSingletonBeanRegistry.java:234)
	at org.springframework.beans.factory.support.AbstractBeanFactory.doGetBean(AbstractBeanFactory.java:333)
	at org.springframework.beans.factory.support.AbstractBeanFactory.getBean(AbstractBeanFactory.java:208)
	at org.springframework.beans.factory.support.DefaultListableBeanFactory.preInstantiateSingletons(DefaultListableBeanFactory.java:936)
	at org.springframework.context.support.AbstractApplicationContext.finishBeanFactoryInitialization(AbstractApplicationContext.java:918)
	at org.springframework.context.support.AbstractApplicationContext.refresh(AbstractApplicationContext.java:583)
	at org.apache.xbean.spring.context.ResourceXmlApplicationContext.<init>(ResourceXmlApplicationContext.java:64)
	at org.apache.xbean.spring.context.ResourceXmlApplicationContext.<init>(ResourceXmlApplicationContext.java:52)
	at org.apache.activemq.xbean.XBeanBrokerFactory$1.<init>(XBeanBrokerFactory.java:104)
	at org.apache.activemq.xbean.XBeanBrokerFactory.createApplicationContext(XBeanBrokerFactory.java:104)
	at org.apache.activemq.xbean.XBeanBrokerFactory.createBroker(XBeanBrokerFactory.java:67)
	at org.apache.activemq.broker.BrokerFactory.createBroker(BrokerFactory.java:71)
	at org.apache.activemq.broker.BrokerFactory.createBroker(BrokerFactory.java:54)
	at org.apache.activemq.console.command.StartCommand.runTask(StartCommand.java:87)
	at org.apache.activemq.console.command.AbstractCommand.execute(AbstractCommand.java:63)
	at org.apache.activemq.console.command.ShellCommand.runTask(ShellCommand.java:154)
	at org.apache.activemq.console.command.AbstractCommand.execute(AbstractCommand.java:63)
	at org.apache.activemq.console.command.ShellCommand.main(ShellCommand.java:104)
	at java.base/jdk.internal.reflect.NativeMethodAccessorImpl.invoke0(Native Method)
	at java.base/jdk.internal.reflect.NativeMethodAccessorImpl.invoke(NativeMethodAccessorImpl.java:77)
	at java.base/jdk.internal.reflect.DelegatingMethodAccessorImpl.invoke(DelegatingMethodAccessorImpl.java:43)
	at java.base/java.lang.reflect.Method.invoke(Method.java:568)
	at org.apache.activemq.console.Main.runTaskClass(Main.java:262)
	at org.apache.activemq.console.Main.main(Main.java:115)
2022-12-02 06:38:27,405 | WARN  | Transport Connection to: tcp://127.0.0.1:51404 failed: Frame size of 1 GB larger than max allowed 100 MB | org.apache.activemq.broker.TransportConnection.Transport | ActiveMQ Transport: tcp:///127.0.0.1:51404@61616
2022-12-02 06:39:00,503 | WARN  | Transport Connection to: tcp://127.0.0.1:51408 failed: Frame size of 1 GB larger than max allowed 100 MB | org.apache.activemq.broker.TransportConnection.Transport | ActiveMQ Transport: tcp:///127.0.0.1:51408@61616
2022-12-02 08:25:55,613 | WARN  | Transport Connection to: tcp://127.0.0.1:52013 failed: Frame size of 1 GB larger than max allowed 100 MB | org.apache.activemq.broker.TransportConnection.Transport | ActiveMQ Transport: tcp:///127.0.0.1:52013@61616
2022-12-02 08:39:02,287 | INFO  | Connector vm://localhost started | org.apache.activemq.broker.TransportConnector | qtp281487983-41
2022-12-02 10:26:10,808 | INFO  | Connector vm://localhost stopped | org.apache.activemq.broker.TransportConnector | Session-HouseKeeper-7c2924d7-1
2022-12-05 08:46:41,296 | INFO  | Using Persistence Adapter: KahaDBPersistenceAdapter[C:\Users\DELL\Downloads\apache-activemq\apache-activemq-5.17.2\bin\..\data\kahadb] | org.apache.activemq.broker.BrokerService | main
2022-12-05 08:46:41,396 | INFO  | Page File: C:\Users\DELL\Downloads\apache-activemq\apache-activemq-5.17.2\bin\..\data\kahadb\db.data. Recovering pageFile free list due to prior unclean shutdown.. | org.apache.activemq.store.kahadb.disk.page.PageFile | KahaDB Index Free Page Recovery
2022-12-05 08:46:41,408 | INFO  | Page File: C:\Users\DELL\Downloads\apache-activemq\apache-activemq-5.17.2\bin\..\data\kahadb\db.data. Recovered pageFile free list of size: 0 | org.apache.activemq.store.kahadb.disk.page.PageFile | KahaDB Index Free Page Recovery
2022-12-05 08:46:41,409 | INFO  | KahaDB is version 7 | org.apache.activemq.store.kahadb.MessageDatabase | main
2022-12-05 08:46:41,788 | INFO  | PListStore:[C:\Users\DELL\Downloads\apache-activemq\apache-activemq-5.17.2\bin\..\data\localhost\tmp_storage] started | org.apache.activemq.store.kahadb.plist.PListStoreImpl | main
2022-12-05 08:46:41,977 | INFO  | Apache ActiveMQ 5.17.2 (localhost, ID:DESKTOP-M7S9JBH-64266-1670240801816-0:1) is starting | org.apache.activemq.broker.BrokerService | main
2022-12-05 08:46:42,122 | INFO  | Listening for connections at: tcp://DESKTOP-M7S9JBH:61616?maximumConnections=1000&wireFormat.maxFrameSize=104857600 | org.apache.activemq.transport.TransportServerThreadSupport | main
2022-12-05 08:46:42,124 | INFO  | Connector openwire started | org.apache.activemq.broker.TransportConnector | main
2022-12-05 08:46:42,131 | INFO  | Listening for connections at: amqp://DESKTOP-M7S9JBH:5672?maximumConnections=1000&wireFormat.maxFrameSize=104857600 | org.apache.activemq.transport.TransportServerThreadSupport | main
2022-12-05 08:46:42,132 | INFO  | Connector amqp started | org.apache.activemq.broker.TransportConnector | main
2022-12-05 08:46:42,144 | INFO  | Listening for connections at: stomp://DESKTOP-M7S9JBH:61613?maximumConnections=1000&wireFormat.maxFrameSize=104857600 | org.apache.activemq.transport.TransportServerThreadSupport | main
2022-12-05 08:46:42,145 | INFO  | Connector stomp started | org.apache.activemq.broker.TransportConnector | main
2022-12-05 08:46:42,153 | INFO  | Listening for connections at: mqtt://DESKTOP-M7S9JBH:1883?maximumConnections=1000&wireFormat.maxFrameSize=104857600 | org.apache.activemq.transport.TransportServerThreadSupport | main
2022-12-05 08:46:42,154 | INFO  | Connector mqtt started | org.apache.activemq.broker.TransportConnector | main
2022-12-05 08:46:42,164 | INFO  | Starting Jetty server | org.apache.activemq.transport.WebTransportServerSupport | main
2022-12-05 08:46:42,264 | INFO  | Creating Jetty connector | org.apache.activemq.transport.WebTransportServerSupport | main
2022-12-05 08:46:42,363 | WARN  | ServletContext@o.e.j.s.ServletContextHandler@3d4e405e{/,null,STARTING} has uncovered http methods for path: / | org.eclipse.jetty.security.SecurityHandler | main
2022-12-05 08:46:42,539 | INFO  | Listening for connections at ws://DESKTOP-M7S9JBH:61614?maximumConnections=1000&wireFormat.maxFrameSize=104857600 | org.apache.activemq.transport.ws.WSTransportServer | main
2022-12-05 08:46:42,539 | INFO  | Connector ws started | org.apache.activemq.broker.TransportConnector | main
2022-12-05 08:46:42,541 | INFO  | Apache ActiveMQ 5.17.2 (localhost, ID:DESKTOP-M7S9JBH-64266-1670240801816-0:1) started | org.apache.activemq.broker.BrokerService | main
2022-12-05 08:46:42,542 | INFO  | For help or more information please see: http://activemq.apache.org | org.apache.activemq.broker.BrokerService | main
2022-12-05 08:46:44,413 | INFO  | ActiveMQ WebConsole available at http://127.0.0.1:8161/ | org.apache.activemq.web.WebConsoleStarter | main
2022-12-05 08:46:44,418 | INFO  | ActiveMQ Jolokia REST API available at http://127.0.0.1:8161/api/jolokia/ | org.apache.activemq.web.WebConsoleStarter | main
2022-12-05 08:46:45,108 | WARN  | jolokia-agent: Error while accessing access restrictor at file:C:UsersDELLDownloadsapache-activemqapache-activemq-5.17.2bin..conf/jolokia-access.xml. Denying all access to MBeans for security reasons. Exception: java.io.FileNotFoundException: C:UsersDELLDownloadsapache-activemqapache-activemq-5.17.2bin..conf\jolokia-access.xml (O sistema não pode encontrar o caminho especificado) | org.eclipse.jetty.server.handler.ContextHandler.api | main
java.io.FileNotFoundException: C:UsersDELLDownloadsapache-activemqapache-activemq-5.17.2bin..conf\jolokia-access.xml (O sistema não pode encontrar o caminho especificado)
	at java.base/java.io.FileInputStream.open0(Native Method)
	at java.base/java.io.FileInputStream.open(FileInputStream.java:216)
	at java.base/java.io.FileInputStream.<init>(FileInputStream.java:157)
	at java.base/java.io.FileInputStream.<init>(FileInputStream.java:111)
	at java.base/sun.net.www.protocol.file.FileURLConnection.connect(FileURLConnection.java:86)
	at java.base/sun.net.www.protocol.file.FileURLConnection.getInputStream(FileURLConnection.java:189)
	at java.base/java.net.URL.openStream(URL.java:1161)
	at org.jolokia.restrictor.RestrictorFactory.lookupPolicyRestrictor(RestrictorFactory.java:119)
	at org.jolokia.restrictor.RestrictorFactory.createRestrictor(RestrictorFactory.java:50)
	at org.jolokia.http.AgentServlet.createRestrictor(AgentServlet.java:195)
	at org.jolokia.http.AgentServlet.init(AgentServlet.java:135)
	at org.eclipse.jetty.servlet.ServletHolder$Wrapper.init(ServletHolder.java:1345)
	at org.eclipse.jetty.servlet.ServletHolder.initServlet(ServletHolder.java:632)
	at org.eclipse.jetty.servlet.ServletHolder.initialize(ServletHolder.java:415)
	at org.eclipse.jetty.servlet.ServletHandler.lambda$initialize$0(ServletHandler.java:750)
	at java.base/java.util.stream.SortedOps$SizedRefSortingSink.end(SortedOps.java:357)
	at java.base/java.util.stream.AbstractPipeline.copyInto(AbstractPipeline.java:510)
	at java.base/java.util.stream.AbstractPipeline.wrapAndCopyInto(AbstractPipeline.java:499)
	at java.base/java.util.stream.StreamSpliterators$WrappingSpliterator.forEachRemaining(StreamSpliterators.java:310)
	at java.base/java.util.stream.Streams$ConcatSpliterator.forEachRemaining(Streams.java:735)
	at java.base/java.util.stream.ReferencePipeline$Head.forEach(ReferencePipeline.java:762)
	at org.eclipse.jetty.servlet.ServletHandler.initialize(ServletHandler.java:774)
	at org.eclipse.jetty.servlet.ServletContextHandler.startContext(ServletContextHandler.java:379)
	at org.eclipse.jetty.webapp.WebAppContext.startWebapp(WebAppContext.java:1449)
	at org.eclipse.jetty.webapp.WebAppContext.startContext(WebAppContext.java:1414)
	at org.eclipse.jetty.server.handler.ContextHandler.doStart(ContextHandler.java:916)
	at org.eclipse.jetty.servlet.ServletContextHandler.doStart(ServletContextHandler.java:288)
	at org.eclipse.jetty.webapp.WebAppContext.doStart(WebAppContext.java:524)
	at org.eclipse.jetty.util.component.AbstractLifeCycle.start(AbstractLifeCycle.java:73)
	at org.eclipse.jetty.util.component.ContainerLifeCycle.start(ContainerLifeCycle.java:169)
	at org.eclipse.jetty.util.component.ContainerLifeCycle.doStart(ContainerLifeCycle.java:117)
	at org.eclipse.jetty.server.handler.AbstractHandler.doStart(AbstractHandler.java:97)
	at org.eclipse.jetty.util.component.AbstractLifeCycle.start(AbstractLifeCycle.java:73)
	at org.eclipse.jetty.util.component.ContainerLifeCycle.start(ContainerLifeCycle.java:169)
	at org.eclipse.jetty.util.component.ContainerLifeCycle.doStart(ContainerLifeCycle.java:110)
	at org.eclipse.jetty.server.handler.AbstractHandler.doStart(AbstractHandler.java:97)
	at org.eclipse.jetty.security.SecurityHandler.doStart(SecurityHandler.java:411)
	at org.eclipse.jetty.security.ConstraintSecurityHandler.doStart(ConstraintSecurityHandler.java:417)
	at org.eclipse.jetty.util.component.AbstractLifeCycle.start(AbstractLifeCycle.java:73)
	at org.eclipse.jetty.util.component.ContainerLifeCycle.start(ContainerLifeCycle.java:169)
	at org.eclipse.jetty.util.component.ContainerLifeCycle.doStart(ContainerLifeCycle.java:117)
	at org.eclipse.jetty.server.handler.AbstractHandler.doStart(AbstractHandler.java:97)
	at org.eclipse.jetty.util.component.AbstractLifeCycle.start(AbstractLifeCycle.java:73)
	at org.eclipse.jetty.util.component.ContainerLifeCycle.start(ContainerLifeCycle.java:169)
	at org.eclipse.jetty.server.Server.start(Server.java:423)
	at org.eclipse.jetty.util.component.ContainerLifeCycle.doStart(ContainerLifeCycle.java:110)
	at org.eclipse.jetty.server.handler.AbstractHandler.doStart(AbstractHandler.java:97)
	at org.eclipse.jetty.server.Server.doStart(Server.java:387)
	at org.eclipse.jetty.util.component.AbstractLifeCycle.start(AbstractLifeCycle.java:73)
	at java.base/jdk.internal.reflect.NativeMethodAccessorImpl.invoke0(Native Method)
	at java.base/jdk.internal.reflect.NativeMethodAccessorImpl.invoke(NativeMethodAccessorImpl.java:77)
	at java.base/jdk.internal.reflect.DelegatingMethodAccessorImpl.invoke(DelegatingMethodAccessorImpl.java:43)
	at java.base/java.lang.reflect.Method.invoke(Method.java:568)
	at org.springframework.util.MethodInvoker.invoke(MethodInvoker.java:283)
	at org.springframework.beans.factory.config.MethodInvokingBean.invokeWithTargetException(MethodInvokingBean.java:123)
	at org.springframework.beans.factory.config.MethodInvokingFactoryBean.afterPropertiesSet(MethodInvokingFactoryBean.java:108)
	at org.springframework.beans.factory.support.AbstractAutowireCapableBeanFactory.invokeInitMethods(AbstractAutowireCapableBeanFactory.java:1863)
	at org.springframework.beans.factory.support.AbstractAutowireCapableBeanFactory.initializeBean(AbstractAutowireCapableBeanFactory.java:1800)
	at org.springframework.beans.factory.support.AbstractAutowireCapableBeanFactory.doCreateBean(AbstractAutowireCapableBeanFactory.java:620)
	at org.springframework.beans.factory.support.AbstractAutowireCapableBeanFactory.createBean(AbstractAutowireCapableBeanFactory.java:542)
	at org.springframework.beans.factory.support.AbstractBeanFactory.lambda$doGetBean$0(AbstractBeanFactory.java:335)
	at org.springframework.beans.factory.support.DefaultSingletonBeanRegistry.getSingleton(DefaultSingletonBeanRegistry.java:234)
	at org.springframework.beans.factory.support.AbstractBeanFactory.doGetBean(AbstractBeanFactory.java:333)
	at org.springframework.beans.factory.support.AbstractBeanFactory.getBean(AbstractBeanFactory.java:208)
	at org.springframework.beans.factory.support.DefaultListableBeanFactory.preInstantiateSingletons(DefaultListableBeanFactory.java:936)
	at org.springframework.context.support.AbstractApplicationContext.finishBeanFactoryInitialization(AbstractApplicationContext.java:918)
	at org.springframework.context.support.AbstractApplicationContext.refresh(AbstractApplicationContext.java:583)
	at org.apache.xbean.spring.context.ResourceXmlApplicationContext.<init>(ResourceXmlApplicationContext.java:64)
	at org.apache.xbean.spring.context.ResourceXmlApplicationContext.<init>(ResourceXmlApplicationContext.java:52)
	at org.apache.activemq.xbean.XBeanBrokerFactory$1.<init>(XBeanBrokerFactory.java:104)
	at org.apache.activemq.xbean.XBeanBrokerFactory.createApplicationContext(XBeanBrokerFactory.java:104)
	at org.apache.activemq.xbean.XBeanBrokerFactory.createBroker(XBeanBrokerFactory.java:67)
	at org.apache.activemq.broker.BrokerFactory.createBroker(BrokerFactory.java:71)
	at org.apache.activemq.broker.BrokerFactory.createBroker(BrokerFactory.java:54)
	at org.apache.activemq.console.command.StartCommand.runTask(StartCommand.java:87)
	at org.apache.activemq.console.command.AbstractCommand.execute(AbstractCommand.java:63)
	at org.apache.activemq.console.command.ShellCommand.runTask(ShellCommand.java:154)
	at org.apache.activemq.console.command.AbstractCommand.execute(AbstractCommand.java:63)
	at org.apache.activemq.console.command.ShellCommand.main(ShellCommand.java:104)
	at java.base/jdk.internal.reflect.NativeMethodAccessorImpl.invoke0(Native Method)
	at java.base/jdk.internal.reflect.NativeMethodAccessorImpl.invoke(NativeMethodAccessorImpl.java:77)
	at java.base/jdk.internal.reflect.DelegatingMethodAccessorImpl.invoke(DelegatingMethodAccessorImpl.java:43)
	at java.base/java.lang.reflect.Method.invoke(Method.java:568)
	at org.apache.activemq.console.Main.runTaskClass(Main.java:262)
	at org.apache.activemq.console.Main.main(Main.java:115)
2022-12-05 08:50:22,145 | INFO  | Connector vm://localhost started | org.apache.activemq.broker.TransportConnector | qtp1115099772-42
2022-12-05 09:25:20,668 | INFO  | Apache ActiveMQ 5.17.2 (localhost, ID:DESKTOP-M7S9JBH-64266-1670240801816-0:1) is shutting down | org.apache.activemq.broker.BrokerService | ActiveMQ ShutdownHook
2022-12-05 09:25:20,686 | INFO  | socketQueue interrupted - stopping | org.apache.activemq.transport.tcp.TcpTransportServer | ActiveMQ Transport Server Thread Handler: tcp://0.0.0.0:61616?maximumConnections=1000&wireFormat.maxFrameSize=104857600
2022-12-05 09:25:20,688 | INFO  | Could not accept connection during shutdown  : null (null) | org.apache.activemq.broker.TransportConnector | ActiveMQ Transport Server Thread Handler: tcp://0.0.0.0:61616?maximumConnections=1000&wireFormat.maxFrameSize=104857600
2022-12-05 09:25:20,726 | INFO  | Connector openwire stopped | org.apache.activemq.broker.TransportConnector | ActiveMQ ShutdownHook
2022-12-05 09:25:20,727 | INFO  | Connector amqp stopped | org.apache.activemq.broker.TransportConnector | ActiveMQ ShutdownHook
2022-12-05 09:25:20,729 | INFO  | socketQueue interrupted - stopping | org.apache.activemq.transport.tcp.TcpTransportServer | ActiveMQ Transport Server Thread Handler: stomp://0.0.0.0:61613?maximumConnections=1000&wireFormat.maxFrameSize=104857600
2022-12-05 09:25:20,729 | INFO  | Connector stomp stopped | org.apache.activemq.broker.TransportConnector | ActiveMQ ShutdownHook
2022-12-05 09:25:20,732 | INFO  | Could not accept connection during shutdown  : null (null) | org.apache.activemq.broker.TransportConnector | ActiveMQ Transport Server Thread Handler: stomp://0.0.0.0:61613?maximumConnections=1000&wireFormat.maxFrameSize=104857600
2022-12-05 09:25:20,735 | INFO  | Connector mqtt stopped | org.apache.activemq.broker.TransportConnector | ActiveMQ ShutdownHook
2022-12-05 09:25:20,735 | INFO  | socketQueue interrupted - stopping | org.apache.activemq.transport.tcp.TcpTransportServer | ActiveMQ Transport Server Thread Handler: mqtt://0.0.0.0:1883?maximumConnections=1000&wireFormat.maxFrameSize=104857600
2022-12-05 09:25:20,736 | INFO  | Could not accept connection during shutdown  : null (null) | org.apache.activemq.broker.TransportConnector | ActiveMQ Transport Server Thread Handler: mqtt://0.0.0.0:1883?maximumConnections=1000&wireFormat.maxFrameSize=104857600
2022-12-05 09:25:20,785 | INFO  | Connector ws stopped | org.apache.activemq.broker.TransportConnector | ActiveMQ ShutdownHook
2022-12-05 09:25:20,795 | INFO  | Connector vm://localhost stopped | org.apache.activemq.broker.TransportConnector | ActiveMQ ShutdownHook
2022-12-05 09:25:20,807 | INFO  | PListStore:[C:\Users\DELL\Downloads\apache-activemq\apache-activemq-5.17.2\bin\..\data\localhost\tmp_storage] stopped | org.apache.activemq.store.kahadb.plist.PListStoreImpl | ActiveMQ ShutdownHook
2022-12-05 09:25:20,808 | INFO  | Stopping async queue tasks | org.apache.activemq.store.kahadb.KahaDBStore | ActiveMQ ShutdownHook
2022-12-05 09:25:20,812 | INFO  | Stopping async topic tasks | org.apache.activemq.store.kahadb.KahaDBStore | ActiveMQ ShutdownHook
2022-12-05 09:25:20,813 | INFO  | Stopped KahaDB | org.apache.activemq.store.kahadb.KahaDBStore | ActiveMQ ShutdownHook
2022-12-05 09:25:20,854 | INFO  | Apache ActiveMQ 5.17.2 (localhost, ID:DESKTOP-M7S9JBH-64266-1670240801816-0:1) uptime 38 minutes | org.apache.activemq.broker.BrokerService | ActiveMQ ShutdownHook
2022-12-05 09:25:20,854 | INFO  | Apache ActiveMQ 5.17.2 (localhost, ID:DESKTOP-M7S9JBH-64266-1670240801816-0:1) is shutdown | org.apache.activemq.broker.BrokerService | ActiveMQ ShutdownHook
